SF:lib\data\api_open_meteo\models\location.dart
DA:7,3
DA:14,3
DA:15,3
LF:3
LH:3
end_of_record
SF:lib\data\api_open_meteo\models\location.g.dart
DA:9,6
DA:10,3
DA:11,3
DA:12,6
DA:13,6
DA:16,0
DA:17,0
DA:18,0
DA:19,0
DA:20,0
LF:10
LH:5
end_of_record
SF:lib\domain\weather_models.dart
DA:11,4
DA:13,6
DA:18,20
DA:20,0
DA:21,0
DA:25,0
DA:27,0
DA:28,0
DA:33,7
DA:40,0
DA:41,0
DA:43,1
DA:45,1
DA:46,1
DA:47,1
DA:48,1
DA:49,2
DA:53,15
DA:55,5
DA:65,1
DA:66,5
DA:68,0
DA:70,2
DA:76,2
DA:77,1
DA:78,2
DA:79,2
DA:80,1
LF:28
LH:20
end_of_record
SF:lib\domain\weather_models.g.dart
DA:9,0
DA:10,0
DA:13,0
DA:14,0
DA:15,0
DA:18,0
DA:19,0
DA:20,0
DA:21,0
DA:22,0
DA:24,0
DA:27,0
DA:28,0
DA:29,0
DA:30,0
DA:31,0
DA:32,0
LF:17
LH:0
end_of_record
SF:lib\data\repository\model\models_repository.dart
DA:16,4
DA:22,1
DA:23,1
DA:25,2
DA:31,2
DA:32,8
LF:6
LH:6
end_of_record
SF:lib\data\repository\model\models_repository.g.dart
DA:9,1
DA:11,1
DA:12,1
DA:13,2
DA:14,2
DA:17,1
DA:19,1
DA:20,1
DA:21,1
DA:22,2
LF:10
LH:10
end_of_record
SF:lib\state\weather\weather_state.dart
DA:11,2
DA:13,2
DA:15,4
DA:17,2
DA:22,5
DA:26,5
DA:28,0
DA:29,0
DA:35,3
DA:39,3
DA:40,1
DA:41,2
DA:42,3
DA:46,0
DA:48,1
DA:49,4
LF:16
LH:13
end_of_record
SF:lib\state\weather\weather_state.g.dart
DA:9,0
DA:10,0
DA:12,0
DA:13,0
DA:15,0
DA:17,0
DA:18,0
DA:21,0
DA:22,0
DA:23,0
DA:24,0
DA:25,0
LF:12
LH:0
end_of_record
SF:lib\state\theme\theme_state.dart
DA:7,10
DA:11,2
DA:15,4
DA:24,0
DA:26,0
DA:29,0
DA:31,0
DA:36,2
DA:37,2
DA:38,2
DA:40,2
DA:42,2
DA:44,2
DA:46,2
DA:52,10
DA:53,15
LF:16
LH:12
end_of_record
SF:lib\data\api_open_meteo\models\weather_meteo_api.dart
DA:7,3
DA:9,3
DA:10,3
LF:3
LH:3
end_of_record
SF:lib\data\api_open_meteo\models\weather_meteo_api.g.dart
DA:9,3
DA:10,3
DA:11,6
DA:12,6
DA:15,0
DA:16,0
DA:17,0
DA:18,0
LF:8
LH:4
end_of_record
SF:lib\data\api_open_meteo\open_meteo_api_client.dart
DA:25,4
DA:26,4
DA:34,3
DA:35,3
DA:38,3
DA:41,6
DA:43,6
DA:44,2
DA:47,4
DA:49,3
DA:51,2
DA:53,3
DA:55,4
DA:59,2
DA:63,4
DA:64,2
DA:65,2
DA:69,4
DA:71,4
DA:72,1
DA:75,4
DA:77,2
DA:78,1
DA:81,2
DA:83,2
LF:25
LH:25
end_of_record
SF:lib\data\repository\weather_repository.dart
DA:6,3
DA:7,3
DA:11,3
DA:12,6
DA:13,4
DA:14,2
DA:15,2
DA:17,2
DA:18,2
DA:19,2
DA:20,6
DA:26,2
DA:28,2
DA:30,2
DA:31,2
DA:32,1
DA:33,1
DA:34,1
DA:36,1
DA:37,1
DA:38,1
DA:39,1
DA:40,1
DA:41,1
DA:42,1
DA:43,1
DA:44,1
DA:45,1
DA:46,1
DA:47,1
DA:48,1
DA:49,1
DA:50,1
DA:51,1
DA:53,1
DA:54,1
DA:55,1
DA:56,1
DA:57,1
DA:58,1
LF:40
LH:40
end_of_record
SF:lib\presentation\search_page\search_page.dart
DA:8,14
DA:10,2
DA:11,2
DA:17,3
DA:19,2
DA:21,4
DA:22,2
DA:25,2
DA:27,6
DA:28,2
DA:29,2
DA:30,2
DA:32,2
DA:33,2
DA:34,2
DA:35,2
DA:37,2
DA:38,2
DA:46,2
DA:49,1
DA:50,4
DA:54,2
DA:56,3
DA:57,2
DA:64,4
DA:65,1
DA:66,3
DA:67,5
DA:69,2
LF:29
LH:29
end_of_record
SF:lib\state\shared_notifier.dart
DA:4,12
DA:5,0
LF:2
LH:1
end_of_record
SF:lib\state\weather\weather_notifier.dart
DA:9,15
DA:13,2
DA:14,2
DA:15,4
DA:18,2
DA:19,2
DA:21,6
DA:24,2
DA:27,1
DA:29,2
DA:31,2
DA:32,1
DA:33,0
DA:34,2
DA:36,3
DA:39,2
DA:42,1
DA:43,3
DA:47,0
DA:48,0
DA:49,0
DA:52,0
DA:55,0
DA:57,0
DA:59,0
DA:60,0
DA:61,0
DA:62,0
DA:64,0
DA:67,0
DA:69,0
DA:70,0
DA:74,1
DA:75,3
DA:79,3
DA:80,3
DA:84,0
DA:85,0
DA:86,0
DA:87,0
DA:88,0
DA:89,0
DA:90,0
DA:92,0
DA:98,0
DA:100,0
DA:102,0
DA:103,0
DA:107,0
DA:109,0
DA:112,15
DA:113,10
DA:115,8
DA:116,4
DA:122,13
LF:55
LH:26
end_of_record
SF:lib\presentation\setting_page\settings_page.dart
DA:8,14
DA:10,2
DA:12,4
DA:13,4
DA:15,2
DA:16,2
DA:17,2
DA:19,2
DA:20,2
DA:21,2
DA:27,2
DA:30,4
DA:32,1
DA:33,3
DA:34,1
LF:15
LH:15
end_of_record
SF:lib\presentation\weather_page\weather_page.dart
DA:16,2
DA:18,2
DA:20,4
DA:21,4
DA:22,4
DA:24,2
DA:25,2
DA:27,2
DA:29,2
DA:30,2
DA:32,0
DA:33,0
DA:35,0
DA:36,0
DA:37,0
DA:40,2
DA:43,1
DA:44,1
DA:46,1
DA:47,1
DA:52,2
DA:89,2
DA:90,2
DA:91,4
DA:92,2
DA:96,1
DA:97,1
DA:98,1
DA:99,0
DA:105,0
DA:108,0
DA:113,2
DA:115,1
DA:116,1
DA:118,1
DA:119,1
LF:36
LH:28
end_of_record
SF:lib\presentation\weather_page\widgets\weather_empty_new.dart
DA:8,4
DA:14,4
DA:16,4
DA:18,2
DA:20,2
DA:22,2
DA:24,2
DA:31,4
DA:33,4
DA:34,12
DA:35,16
DA:36,4
DA:37,4
DA:38,12
DA:39,12
LF:15
LH:15
end_of_record
SF:lib\presentation\weather_page\widgets\weather_error.dart
DA:4,14
DA:6,1
DA:8,1
DA:9,1
DA:11,1
DA:13,1
DA:15,2
LF:7
LH:7
end_of_record
SF:lib\presentation\weather_page\widgets\weather_loading.dart
DA:4,14
DA:6,1
DA:8,1
DA:10,1
DA:12,1
DA:14,1
DA:16,2
LF:7
LH:7
end_of_record
SF:lib\presentation\weather_page\widgets\weather_populated_new.dart
DA:10,2
DA:21,2
DA:23,2
DA:24,2
DA:26,2
DA:27,2
DA:29,6
DA:30,2
DA:31,2
DA:32,2
DA:35,2
DA:36,2
DA:37,2
DA:39,6
DA:40,6
DA:41,2
DA:42,2
DA:43,2
DA:44,2
DA:47,8
DA:48,2
DA:49,2
DA:50,2
DA:55,2
DA:56,10
DA:57,2
DA:58,2
DA:59,2
DA:71,2
DA:77,2
DA:79,2
DA:80,4
DA:87,2
DA:89,2
DA:91,2
DA:93,2
DA:95,2
DA:97,2
DA:104,0
DA:106,0
DA:108,0
DA:109,0
DA:110,0
DA:111,0
DA:115,0
DA:117,0
DA:118,0
DA:119,0
DA:129,0
DA:131,0
DA:134,0
DA:135,0
DA:136,0
DA:137,0
DA:138,0
DA:139,0
DA:145,2
DA:146,10
LF:58
LH:40
end_of_record
SF:lib\presentation\app.dart
DA:11,3
DA:13,1
DA:14,1
DA:18,1
DA:20,3
DA:21,1
DA:22,1
DA:23,0
DA:24,0
DA:26,1
DA:29,1
DA:31,2
DA:32,3
DA:34,1
DA:36,1
DA:38,1
DA:39,1
DA:41,1
DA:42,1
DA:43,1
LF:20
LH:18
end_of_record
SF:lib\main.dart
DA:7,0
DA:8,0
DA:9,0
DA:10,0
DA:11,0
DA:13,0
DA:15,0
LF:7
LH:0
end_of_record
